         w __deregister_frame_info
         w __register_frame_info
         w _ITM_deregisterTMCloneTable
         w _ITM_registerTMCloneTable
00000000 b .LANCHOR1
00000000 00000401 b __fixedpath
00000000 b _TLS_MODULE_BASE_
00000000 a shift
00000000 a shift
00000404 b .LANCHOR3
00000404 00000802 b __utf16path
00000c08 b .LANCHOR5
00000c08 00000802 b __utf16path_old.8107
00100000 a __start__
00100000 T _start
00100008 T __service_ptr
0010000c T __apt_appid
00100010 T __heap_size
00100014 T __linear_heap_size
00100018 T __system_arglist
0010001c T __system_runflags
00100020 t startup
00100058 t ClearMem
0010006c t ClrLoop
00100094 T _init
001000b0 0000005c T get_input
0010010c 000000a8 T rand_str
001001b4 0000006c T keyboard_open
00100220 00000118 T parse_irc
00100338 T initSystem
0010037c T __ctru_exit
0010039c T __aeabi_idiv
0010039c 00000220 T __divsi3
001003a4 t .divsi3_skip_div0_test
001005bc 00000020 T __aeabi_idivmod
001005dc 00000004 W __aeabi_idiv0
001005dc 00000004 W __aeabi_ldiv0
001005e0 T __aeabi_uldivmod
00100628 00000390 T strcmp
001009b0 t .udivsi3_skip_div0_test
001009b0 T __aeabi_uidiv
001009b0 000001ec T __udivsi3
00100b9c 00000020 T __aeabi_uidivmod
00100bbc t deregister_tm_clones
00100be8 t register_tm_clones
00100c20 t __do_global_dtors_aux
00100c64 t frame_dummy
00100c98 0000042c T main
001010c4 000001c0 T consoleDrawChar
00101284 00000128 T consolePrintChar
001013ac 00000184 t consoleCls
00101530 00000104 T consoleInit
00101634 00000138 t consoleClearLine
0010176c 000000c0 t newRow
0010182c 00000810 T con_write
0010203c 0000008c t gfxSetFramebufferInfo.part.0
001020c8 00000018 T __get_bytes_per_pixel
001020e0 00000184 T gfxSetScreenFormat
00102264 00000010 T gfxSetDoubleBuffering
00102274 0000006c T gfxSetFramebufferInfo
001022e0 000000b0 T gfxWriteFramebufferInfo
00102390 00000210 T gfxInit
001025a0 00000010 T gfxInitDefault
001025b0 000000e0 T gfxExit
00102690 000000a8 T gfxGetFramebuffer
00102738 000000e8 T gfxFlushBuffers
00102820 00000060 T gfxConfigScreen
00102880 00000020 T gfxSwapBuffers
001028a0 00000020 T gfxSwapBuffersGpu
001028c0 000000a4 T cfguInit
00102964 0000003c T cfguExit
001029a0 00000074 T gspInit
00102a14 0000003c T gspExit
00102a50 000000a0 T gspInitEventHandler
00102af0 00000040 T gspExitEventHandler
00102b30 00000044 T gspWaitForEvent
00102b74 00000004 W gxCmdQueueInterrupt
00102b78 00000174 t gspEventThreadMain
00102cec 0000006c T GSPGPU_SetBufferSwap
00102d58 0000004c T GSPGPU_FlushDataCache
00102da4 00000034 T GSPGPU_SetLcdForceBlack
00102dd8 00000064 T GSPGPU_RegisterInterruptRelayQueue
00102e3c 0000002c T GSPGPU_UnregisterInterruptRelayQueue
00102e68 00000048 T GSPGPU_AcquireRight
00102eb0 0000002c T GSPGPU_ReleaseRight
00102edc 00000080 T GSPGPU_ImportDisplayCaptureInfo
00102f5c 0000002c T GSPGPU_SaveVramSysArea
00102f88 0000002c T GSPGPU_RestoreVramSysArea
00102fb4 00000004 W _aptDebug
00102fb8 0000015c T aptSendCommand
00103114 0000003c t aptExitProcess
00103150 0000001c T aptSetMessageCallback
0010316c 0000004c T APT_InquireNotification
001031b8 0000019c t aptEventHandler
00103354 00000074 T APT_AppletUtility
001033c8 000000b0 T aptSetSleepAllowed
00103478 000000b0 T APT_GlanceParameter
00103528 000000c4 T APT_ReceiveParameter
001035ec 000000bc t aptReceiveParameter.constprop.1
001036a8 000001e8 t aptScreenTransfer
00103890 00000210 t aptWaitForWakeUp
00103aa0 00000058 T APT_SendParameter
00103af8 00000070 T APT_CancelParameter
00103b68 00000270 T aptInit
00103dd8 00000088 t aptClearParamQueue
00103e60 000001e4 t aptMainLoop.part.0
00104044 0000001c T aptMainLoop
00104060 0000024c T aptExit
001042ac 000000f4 T aptLaunchLibraryApplet
001043a0 0000007c T APT_CheckNew3DS
0010441c 000000d0 T hidExit
001044ec 0000026c T hidScanInput
00104758 00000010 T hidKeysHeld
00104768 00000010 T hidKeysDown
00104778 00000010 T hidKeysUp
00104788 00000018 T hidTouchRead
001047a0 00000090 T HIDUSER_GetHandles
00104830 000001a8 T hidInit
001049d8 00000154 T socket
00104b2c 00000170 T gethostbyname
00104c9c 0000017c T connect
00104e18 0000003c T _net_convert_error
00104e54 0000015c T fcntl
00104fb0 00000010 t soc_open
00104fc0 00000030 t soc_read
00104ff0 00000030 t soc_write
00105020 00000090 t soc_close
001050b0 00000144 T socInit
001051f4 00000088 T socExit
0010527c 0000013c T socuipc_cmd7
001053b8 00000154 T socuipc_cmd8
0010550c 00000010 T soc_recvfrom
0010551c 0000015c T socuipc_cmd9
00105678 00000160 T socuipc_cmda
001057d8 00000010 T soc_sendto
001057e8 00000090 T sendto
00105878 00000020 T send
00105898 00000024 t swkbdConvertToUTF16.part.0
001058bc 0000016c t swkbdMessageCallback
00105a28 00000078 T swkbdInit
00105aa0 0000002c T swkbdSetHintText
00105acc 00000008 T swkbdSetInitialText
00105ad4 000003b4 T swkbdInputText
00105e88 000000e8 T utf16_to_utf8
00105f70 00000060 T decode_utf16
00105fd0 000000c0 T utf8_to_utf16
00106090 00000038 W __libctru_init
001060c8 00000030 t __ctru_get_reent
001060f8 000000e4 T __system_initSyscalls
001061dc 00000104 W __system_allocateHeaps
001062e0 000000ec T __system_initArgv
001063cc T svcControlMemory
001063ec T svcExitProcess
001063f4 T svcCreateThread
00106414 T svcExitThread
0010641c T svcSleepThread
00106424 T svcReleaseMutex
0010642c T svcCreateEvent
00106440 T svcSignalEvent
00106448 T svcClearEvent
00106450 T svcCreateMemoryBlock
00106468 T svcMapMemoryBlock
00106470 T svcUnmapMemoryBlock
00106478 T svcCreateAddressArbiter
0010648c T svcArbitrateAddress
001064a4 T svcCloseHandle
001064ac T svcWaitSynchronization
001064b4 T svcWaitSynchronizationN
001064dc T svcDuplicateHandle
001064f0 T svcGetSystemTick
001064f8 T svcGetSystemInfo
00106510 T svcConnectToPort
00106524 T svcSendSyncRequest
0010652c T svcBreak
00106534 00000024 t addrMapNodeComparator(rbtree_node const*, rbtree_node const*)
00106558 00000004 t addrMapNodeDestructor(rbtree_node*)
0010655c 00000110 T vramMemAlign
0010666c 00000008 T vramAlloc
00106674 00000050 T vramFree
001066c4 00000024 t addrMapNodeComparator(rbtree_node const*, rbtree_node const*)
001066e8 00000004 t addrMapNodeDestructor(rbtree_node*)
001066ec 000000e4 T mappableAlloc
001067d0 00000050 T mappableFree
00106820 00000024 t addrMapNodeComparator(rbtree_node const*, rbtree_node const*)
00106844 00000004 t addrMapNodeDestructor(rbtree_node*)
00106848 0000011c T linearMemAlign
00106964 00000008 T linearAlloc
0010696c 00000050 T linearFree
001069bc 00000098 T MemPool::CoalesceRight(MemBlock*)
00106a54 0000016c T MemPool::Allocate(MemChunk&, unsigned long, int)
00106bc0 000000fc T MemPool::Deallocate(MemChunk const&)
00106cbc 00000034 t LightLock_Unlock.part.1
00106cf0 0000000c T __sync_init
00106cfc 00000018 T __sync_fini
00106d14 00000010 T __sync_get_arbiter
00106d24 00000018 T LightLock_Init
00106d3c 0000009c T LightLock_Lock
00106dd8 00000034 T LightLock_TryLock
00106e0c 00000020 T LightLock_Unlock
00106e2c 00000024 T RecursiveLock_Init
00106e50 00000030 T RecursiveLock_Lock
00106e80 00000058 T RecursiveLock_TryLock
00106ed8 00000038 T RecursiveLock_Unlock
00106f10 00000038 T LightEvent_Init
00106f48 0000007c T LightEvent_Clear
00106fc4 000000dc T LightEvent_Signal
001070a0 000000bc T LightEvent_Wait
0010715c 00000058 t getSysTime
001071b4 00000028 t __ctru_speedup_config.part.0
001071dc 00000024 T osGetMemRegionUsed
00107200 00000128 T __libctru_gtod
00107328 00000018 T __ctru_speedup_config
00107340 00000058 T srvExit
00107398 00000038 T srvRegisterClient
001073d0 000000c4 T srvInit
00107494 0000006c T srvGetServiceHandleDirect
00107500 00000038 T srvGetServiceHandle
00107538 0000001c t threadFree.part.0
00107554 000001ac T threadCreate
00107700 00000024 T threadJoin
00107724 00000064 T threadExit
00107788 00000040 t _thread_begin
001077c8 000000ac T irrstScanInput
00107874 00000024 T irrstKeysHeld
00107898 00000050 T IRRST_GetHandles
001078e8 00000158 T irrstInit
00107a40 0000002c T IRRST_Shutdown
00107a6c 000000ac T irrstExit
00107b18 0000000c T srvPmGetSessionHandle
00107b24 00000074 T ptmSysmInit
00107b98 0000003c T ptmSysmExit
00107bd4 00000034 T PTMSYSM_ConfigureNew3DSCPU
00107c08 00000014 T rbtree_init
00107c1c 0000018c t do_insert
00107da8 00000008 T rbtree_insert
00107db0 00000094 T rbtree_rotate
00107e44 0000032c T rbtree_remove
00108170 0000006c T rbtree_find
001081dc 00000068 T encode_utf16
00108244 00000104 T encode_utf8
00108348 00000138 T decode_utf8
00108480 0000001c W __appInit
0010849c 0000001c W __appExit
001084b8 000000a4 W __libctru_exit
0010855c 00000084 T envGetHandle
001085e0 0000004c T envDestroyHandles
0010862c 00000010 t sdmc_link
0010863c 00000010 t sdmc_dirreset
0010864c 00000010 t sdmc_chmod
0010865c 00000024 t error_cmp
00108680 00000050 t sdmc_translate_error
001086d0 00000034 t sdmc_fsync
00108704 00000054 t sdmc_ftruncate
00108758 000000b8 t sdmc_statvfs
00108810 00000038 t sdmc_dirclose
00108848 00000138 t sdmc_dirnext
00108980 00000034 t sdmc_close
001089b4 00000074 t sdmc_fstat
00108a28 000000d0 t sdmc_seek
00108af8 00000084 t sdmc_read
00108b7c 000000c0 t sdmc_write
00108c3c 000001a8 t sdmc_utf16path
00108de4 00000074 t sdmc_rmdir
00108e58 000000a0 t sdmc_diropen
00108ef8 000000a0 t sdmc_chdir
00108f98 00000098 t sdmc_mkdir
00109030 00000108 t sdmc_rename
00109138 00000074 t sdmc_unlink
001091ac 00000108 t sdmc_stat
001092b4 00000198 t sdmc_open
0010944c 00000010 t sdmc_fchmod
0010945c 00000168 T sdmcInit
001095c4 00000060 T sdmcExit
00109624 00000028 t fsSessionForArchive.part.0
0010964c 000000d0 T fsInit
0010971c 0000003c T fsExit
00109758 00000074 T fsExemptFromSession
001097cc 00000050 T fsUnexemptFromSession
0010981c 000000c0 T FSUSER_OpenFile
001098dc 000000a8 T FSUSER_DeleteFile
00109984 000000e0 T FSUSER_RenameFile
00109a64 000000a8 T FSUSER_DeleteDirectory
00109b0c 000000c0 T FSUSER_CreateFile
00109bcc 000000b0 T FSUSER_CreateDirectory
00109c7c 000000e0 T FSUSER_RenameDirectory
00109d5c 000000a4 T FSUSER_OpenDirectory
00109e00 00000098 T FSUSER_OpenArchive
00109e98 00000074 T FSUSER_CloseArchive
00109f0c 00000078 T FSUSER_GetSdmcArchiveResource
00109f84 00000064 T FSUSER_IsSdmcWritable
00109fe8 00000058 T FSFILE_Read
0010a040 00000064 T FSFILE_Write
0010a0a4 00000038 T FSFILE_GetSize
0010a0dc 00000028 T FSFILE_SetSize
0010a104 0000003c T FSFILE_Close
0010a140 00000024 T FSFILE_Flush
0010a164 00000054 T FSDIR_Read
0010a1b8 0000003c T FSDIR_Close
0010a1f4 00000074 T rbtree_node_next
0010a268 T __aeabi_read_tp
0010a274 00000158 T __udivmoddi4
0010a3cc 00000074 T bsearch
0010a440 0000000c T __errno
0010a44c 00000040 T __libc_fini_array
0010a48c 0000007c T __libc_init_array
0010a508 00000020 T memalign
0010a528 00000158 T _memalign_r
0010a680 00000018 T malloc
0010a698 00000018 T free
0010a6b0 000007a8 T _malloc_r
0010ae58 00000100 T memchr
0010af58 0000010c T memcpy
0010b064 00000110 T memset
0010b174 0000000c T __malloc_lock
0010b180 0000000c T __malloc_unlock
0010b18c 00000038 T printf
0010b1c4 000000e0 T _puts_r
0010b2a4 00000018 T puts
0010b2bc 00000044 T rand
0010b300 00000264 T setvbuf
0010b564 00000064 T sprintf
0010b5c8 00000074 T sscanf
0010b63c 0000003c T __sread
0010b678 00000008 T __seofread
0010b680 00000064 T __swrite
0010b6e4 0000004c T __sseek
0010b730 00000008 T __sclose
0010b738 00000180 T strchr
0010b8b8 000000f0 T strcpy
0010b9a8 00000060 T strcspn
0010ba08 0000005c T strlen
0010ba64 00000098 T strncat
0010bafc 000000f8 T strncmp
0010bbf4 000000d8 T strncpy
0010bccc 0000005c T strnlen
0010bd28 00000028 T strtok
0010bd50 000000b4 T __strtok_r
0010be04 000074a0 t get_arg
001132a8 00003e2c T _svfprintf_r
001170d4 000027c8 T __ssvfscanf_r
0011989c 00000028 T read
001198c4 0000001c t __sprint_r.part.0
001198e0 0000001c T __sprint_r
001198fc 000074a0 t get_arg
00120da0 00003fd8 T _vfprintf_r
00124d78 000000d0 t __sbprintf
00124e48 000000a0 T _wcrtomb_r
00124ee8 00000020 T _wcsrtombs_r
00124f08 00000148 T __swsetup_r
00125050 000001bc t quorem
00125210 00001224 T _dtoa_r
00126434 0000026c T __sflush_r
001266a0 00000094 T _fflush_r
00126734 0000000c T _cleanup_r
00126740 00000078 t std.isra.0
001267b8 0000008c T __sinit
00126844 0000000c T __sfp_lock_acquire
00126850 0000000c T __sfp_lock_release
0012685c 000000f8 T _malloc_trim_r
00126954 000002e4 T _free_r
00126c38 00000498 T __sfvwrite_r
001270d0 00000078 T _fwalk_reent
00127148 00000074 T iswspace
001271bc 000001e0 t __jp2uc
0012739c 000000c4 T _jp2uc
00127460 00000008 T __localeconv_l
00127468 00000024 T _localeconv_r
0012748c 00000024 T __locale_mb_cur_max
001274b0 00000008 T __locale_ctype_ptr_l
001274b8 00000024 T __locale_ctype_ptr
001274dc 00000094 T __swhatbuf_r
00127570 000000f4 T __smakebuf_r
00127664 000000b4 T _mbrtowc_r
00127718 000002fc T __utf8_mbtowc
00127a14 0000013c T memmove
00127b50 00000088 T _Balloc
00127bd8 0000001c T _Bfree
00127bf4 000000d0 T __multadd
00127cc4 000000e0 T __s2b
00127da4 00000058 T __hi0bits
00127dfc 0000009c T __lo0bits
00127e98 00000020 T __i2b
00127eb8 000001d4 T __multiply
0012808c 00000100 T __pow5mult
0012818c 000000e8 T __lshift
00128274 0000005c T __mcmp
001282d0 00000168 T __mdiff
00128438 00000078 T __ulp
001284b0 000000d0 T __b2d
00128580 00000104 T __d2b
00128684 00000084 T __ratio
00128708 00000088 T __copybits
00128790 00000078 T __any_on
00128808 000004d0 T _realloc_r
00128cd8 000000cc T __sccl
00128da4 0000000c T nanf
00128db0 0000009c T frexp
00128e4c 000000f8 T stpncpy
00128f44 00000054 t sulp
00128f98 00001464 T _strtod_l
0012a3fc 0000003c T _strtod_r
0012a438 00000274 t _strtoll_l.isra.0
0012a6ac 00000050 T _strtoll_r
0012a6fc 000001bc t _strtol_l.isra.0
0012a8b8 00000050 T _strtol_r
0012a908 00000260 t _strtoull_l.isra.0
0012ab68 00000050 T _strtoull_r
0012abb8 000001d0 t _strtoul_l.isra.0
0012ad88 00000050 T _strtoul_r
0012add8 00000188 T __ssprint_r
0012af60 000000dc T _sungetc_r
0012b03c 0000006c T __ssrefill_r
0012b0a8 000000c8 T _sfread_r
0012b170 000000a4 T __submore
0012b214 00000170 T _wcsnrtombs_l
0012b384 00000064 T _wcsnrtombs_r
0012b3e8 000000e8 T __utf8_wctomb
0012b4d0 00000090 T _calloc_r
0012b560 00000164 T _fclose_r
0012b6c4 00000104 t rshift
0012b7c8 000007f8 T __gethex
0012bfc0 00000060 T __match
0012c020 00000254 T __hexnan
0012c274 00000008 t null_write
0012c27c 00000018 T setDefaultDevice
0012c294 000000cc T FindDevice
0012c360 00000028 T RemoveDevice
0012c388 00000098 T AddDevice
0012c420 00000084 T _close_r
0012c4a4 00000074 T _fstat_r
0012c518 00000008 T _isatty_r
0012c520 00000084 T _lseek_r
0012c5a4 00000080 T _read_r
0012c624 00000070 T _sbrk_r
0012c694 00000080 T _write_r
0012c714 000001cc T _concatenate_path
0012c8e0 0000015c T chdir
0012ca3c 00000060 T mkdir
0012ca9c 00000008 T __flockfile
0012caa4 00000008 T __funlockfile
0012caac 00000018 T __libc_lock_acquire
0012cac4 00000018 T __libc_lock_release
0012cadc 00000018 T __libc_lock_init_recursive
0012caf4 00000018 T __libc_lock_acquire_recursive
0012cb0c 00000018 T __libc_lock_release_recursive
0012cb24 00000018 T __libc_lock_close_recursive
0012cb3c 0000008c T __release_handle
0012cbc8 000000b4 T __alloc_handle
0012cc7c 00000018 T __get_handle
0012cc94 00000028 T __getreent
0012ccbc 00000044 T strrchr
0012cd00 T _fini
0012d000 R default_font_bin
0012d800 R default_font_bin_end
0012d800 R default_font_bin_size
0012d98c 00000030 r colorTable
0012da10 00000068 r dotab_stdout
0012da88 00000014 r CSWTCH.61
0012da9c 00000008 r framebufferInfoSt
0012db04 0000004d r _net_error_code_map
0012db78 00000030 r error_table
0012dc00 r .LC2
0012dc04 00000010 r blanks.8562
0012dc14 00000010 r zeroes.8563
0012dc2c 00000022 r basefix.8603
0012dc50 00000010 r blanks.8577
0012dc60 00000010 r zeroes.8578
0012dc94 000000bc r a1
0012dd50 000000bc r a2
0012de0c 0000005b r a3
0012de68 00000070 r a6
0012ded8 000000a2 r a7
0012df7c 00000040 r a8
0012dfbc 0000172a r b02cf
0012f6e8 00001a7c r d02f4
001311b0 00000028 R __mprec_bigtens
001311d8 000000c8 R __mprec_tens
001312a0 0000000c r p05.7353
001312bc 00000014 r fpi.7439
001312d0 00000014 r fpinan.7475
001312e8 00000028 r tinytens
00131310 0000006c R __action_table
0013137c 00000100 R __chclass
0013147c 0000006c R __state_table
001314e8 00000101 R _ctype_
001315ec 00000100 R __hexdig
001316f4 00000068 R dotab_stdnull
0013175c 00000003 R DIRECTORY_PARENT
00131760 r __EH_FRAME_BEGIN__
00131760 R __exidx_end
00131760 R __exidx_start
00132000 00000001 D swkbdButton
00132004 00000100 D channel
00132104 00000100 D username
00132204 00000004 D ircServer
00132208 00000100 D oauth
00132308 W __stacksize__
0013230c 00000004 D currentConsole
00132310 0000004c D defaultConsole
0013235c 00000001 d firstConsoleInit.7969
0013235d 00000001 d botFormat
00132360 00000008 d doubleBuf
00132368 00000001 d topFormat
0013236c 00000004 d gspLastEvent
00132370 00000004 d aptFlags
00132374 00000068 d soc_devoptab
001323dc 00000004 V __ctru_linear_heap_size
001323e0 00000401 d __cwd
001327e4 00000068 d sdmc_devoptab
0013284c 00000004 D _impure_ptr
00132850 00000460 d impure_data
00132cb0 00000408 D __malloc_av_
001330b8 00000004 D __malloc_sbrk_base
001330bc 00000004 D __malloc_trim_threshold
001330c0 0000000c d __malloc_lock_object
001330cc 0000000c d __sfp_lock
001330d8 0000000c d __sinit_lock
001330e4 0000016c D __global_locale
00133250 00000004 d defaultDevice
00133254 00000040 D devoptab_list
00133294 00001000 d _current_working_directory
00134294 00000004 d __hndl_lock
00134298 0000000c d __stderr_handle
001342a4 0000000c d __stdin_handle
001342b0 0000000c d __stdout_handle
001342bc 00001000 d handles
001352bc t __frame_dummy_init_array_entry
001352bc T __init_array_start
001352bc B __preinit_array_end
001352bc B __preinit_array_start
001352bc D __tdata_lma
001352bc D __tdata_lma_end
001352bc D __TMC_END__
001352bc d __TMC_LIST__
001352c0 t __do_global_dtors_aux_fini_array_entry
001352c0 T __fini_array_start
001352c0 T __init_array_end
001352c4 T __bss_start__
001352c4 T __fini_array_end
001352c4 00000001 B swkbdOpen
001352c8 00000400 b swkbd
001356c8 0000003c b swkbdBuffer
00135704 00000004 b SOC_buffer
00135708 b saved_stack
00135710 b completed.7759
00135714 b object.7764
0013572c 00000002 b currentBuffer
0013572e 00000001 b enable3d
00135730 00000004 b screenAlloc
00135734 00000004 b screenFree
00135738 00000004 b cfguHandle
0013573c 00000004 b cfguRefCount
00135740 00000004 b gspEvent
00135744 0000001c b gspEventCb
00135760 0000001c b gspEventCbData
0013577c 00000007 b gspEventCbOneShot
00135784 0000001c b gspEventCounts
001357a0 00000004 b gspEventData
001357a4 00000004 b gspEventThread
001357a8 00000038 b gspEvents
001357e0 00000004 b gspRefCount
001357e4 00000001 b gspRunEvents
001357e5 00000001 b aptChainloadMediatype
001357e8 00000008 b aptChainloadTid
001357f0 00000004 b aptEventHandlerThread
001357f4 0000000c b aptEvents
00135800 0000000c b aptFirstHook
0013580c 00000001 b aptHomeButtonState
00135810 00000004 b aptLockHandle
00135814 00000004 b aptMessageFunc
00135818 00000004 b aptMessageFuncData
0013581c 00001000 b aptParameters
0013681c 00000004 b aptRefCount
00136820 00000008 b aptSleepEvent
00136828 00000001 b flagInit.8115
00136829 00000001 b flagValue.8116
0013682c 00000004 b serviceName.7754
00136830 00000006 b aVec
00136838 00000004 b cPos
0013683c 00000006 b gRate
00136844 00000004 b hidRefCount
00136848 00000004 b kDown
0013684c 00000004 b kHeld
00136850 00000004 b kOld
00136854 00000004 b kUp
00136858 00000004 b tPos
0013685c 00000018 b SOC_hostent
00136874 00000004 b SOC_hostent_alias
00136878 00000044 b SOC_hostent_results
001368bc 00001a88 b outbuf.7338
00138344 00000004 B SOCU_handle
00138348 00000004 B h_errno
0013834c 00000004 B socMemhandle
00138350 00000004 b swkbdSharedMem
00138354 00000004 b swkbdSharedMemHandle
00138358 00000004 V __ctru_heap_size
0013835c 0000000c b sAddrMap
00138368 00000008 b sVramPool
00138370 00000008 b sMappablePool
00138378 0000000c b sAddrMap
00138384 00000008 b sLinearPool
0013838c 0000000c b sAddrMap
00138398 00000004 b arbiter
0013839c 00000001 V __ctru_speedup
001383a0 00000004 b srvHandle
001383a4 00000004 b srvRefCount
001383a8 00000004 b csPos
001383ac 00000004 b irrstRefCount
001383b0 00000004 b kHeld
001383b4 00000004 b srvPmHandle
001383b8 00000004 b ptmSysmHandle
001383bc 00000004 b ptmSysmRefCount
001383c0 00000008 b sdmcArchive
001383c8 00000001 b sdmcInitialised
001383d0 00000080 b fsExemptArchives
00138450 00000004 b fsuHandle
00138454 00000004 b fsuRefCount
00138458 00000028 B __malloc_current_mallinfo
00138480 00000004 B __malloc_max_sbrked_mem
00138484 00000004 B __malloc_max_total_mem
00138488 00000004 B __malloc_top_pad
0013848c 00000004 b heap_start.7089
00138490 00000004 B fake_heap_end
00138494 00000004 B fake_heap_start
00138498 00001000 b temp_cwd
00139498 00000038 B __syscalls
001394d0 00000004 B sockfd
001394d4 00000004 B touch
001394d8 00000004 B key_held
001394dc 00000004 B last_touch
001394e0 00000004 B key_down
001394e4 00000004 B key_up
001394e8 0000004c B currentCopy
00139534 00000008 B gfxBottomFramebuffers
0013953c 00000004 B gspSharedMemHandle
00139540 0000001c B bottomFramebufferInfo
0013955c 00000004 B gspEvent
00139560 00000008 B gfxTopLeftFramebuffers
00139568 00000008 B gfxTopRightFramebuffers
00139570 0000001c B topFramebufferInfo
0013958c 00000001 B gfxThreadID
00139590 00000004 B gfxSharedMemory
00139594 00000004 B gfxTopFramebufferMaxSize
00139598 00000004 B gfxBottomFramebufferMaxSize
0013959c 00000004 B gxCmdBuf
001395a0 00000004 B gspGpuHandle
001395a4 00000004 B hidMemHandle
001395a8 00000004 B hidHandle
001395ac 00000004 B hidSharedMem
001395b0 00000014 B hidEvents
001395c4 00000004 B __system_retAddr
001395c8 00000004 B __ctru_linear_heap
001395cc 00000004 B __ctru_heap
001395d0 00000004 B __system_argv
001395d4 00000004 B __system_argc
001395d8 00000004 B irrstHandle
001395dc 00000004 B irrstEvent
001395e0 00000004 B irrstMemHandle
001395e4 00000004 B irrstSharedMem
001395e8 B __tls_start
0013a9f4 B __bss_end__
0013a9f4 A __end__
0013a9f4 B __tls_end
